<?xml version="1.0" encoding="UTF-8"?>
<testng-results skipped="0" failed="1" ignored="0" total="1" passed="0">
  <reporter-output>
    <line>
      <![CDATA[browser driver was constructed]]>
    </line>
    <line>
      <![CDATA[Browser 'chrome' ready...]]>
    </line>
    <line>
      <![CDATA[driver.quit...]]>
    </line>
  </reporter-output>
  <suite name="Default suite" duration-ms="21672" started-at="2018-01-19T13:39:27Z" finished-at="2018-01-19T13:39:48Z">
    <groups>
    </groups>
    <test name="Default test" duration-ms="21672" started-at="2018-01-19T13:39:27Z" finished-at="2018-01-19T13:39:48Z">
      <class name="demo.test.SearchResultsTests">
        <test-method status="PASS" signature="setup()[pri:0, instance:demo.test.SearchResultsTests@289d1c02]" name="setup" is-config="true" duration-ms="12953" started-at="2018-01-19T16:39:27Z" finished-at="2018-01-19T16:39:40Z">
          <reporter-output>
            <line>
              <![CDATA[browser driver was constructed]]>
            </line>
            <line>
              <![CDATA[Browser 'chrome' ready...]]>
            </line>
          </reporter-output>
        </test-method> <!-- setup -->
        <test-method status="FAIL" signature="searchResultsLinksCheck()[pri:0, instance:demo.test.SearchResultsTests@289d1c02]" name="searchResultsLinksCheck" duration-ms="7701" started-at="2018-01-19T16:39:40Z" finished-at="2018-01-19T16:39:47Z">
          <exception class="java.lang.AssertionError">
            <message>
              <![CDATA[Не найдено ссылки с заданным текстом]]>
            </message>
            <full-stacktrace>
              <![CDATA[java.lang.AssertionError: Не найдено ссылки с заданным текстомat org.testng.AssertJUnit.fail(AssertJUnit.java:59)at org.testng.AssertJUnit.assertTrue(AssertJUnit.java:24)at demo.test.SearchResultsTests.searchResultsLinksCheck(SearchResultsTests.java:18)at sun.reflect.NativeMethodAccessorImpl.invoke0(Native Method)at sun.reflect.NativeMethodAccessorImpl.invoke(NativeMethodAccessorImpl.java:62)at sun.reflect.DelegatingMethodAccessorImpl.invoke(DelegatingMethodAccessorImpl.java:43)at java.lang.reflect.Method.invoke(Method.java:498)at org.testng.internal.MethodInvocationHelper.invokeMethod(MethodInvocationHelper.java:124)at org.testng.internal.Invoker.invokeMethod(Invoker.java:571)at org.testng.internal.Invoker.invokeTestMethod(Invoker.java:707)at org.testng.internal.Invoker.invokeTestMethods(Invoker.java:979)at org.testng.internal.TestMethodWorker.invokeTestMethods(TestMethodWorker.java:125)at org.testng.internal.TestMethodWorker.run(TestMethodWorker.java:109)at org.testng.TestRunner.privateRun(TestRunner.java:648)at org.testng.TestRunner.run(TestRunner.java:505)at org.testng.SuiteRunner.runTest(SuiteRunner.java:455)at org.testng.SuiteRunner.runSequentially(SuiteRunner.java:450)at org.testng.SuiteRunner.privateRun(SuiteRunner.java:415)at org.testng.SuiteRunner.run(SuiteRunner.java:364)at org.testng.SuiteRunnerWorker.runSuite(SuiteRunnerWorker.java:52)at org.testng.SuiteRunnerWorker.run(SuiteRunnerWorker.java:84)at org.testng.TestNG.runSuitesSequentially(TestNG.java:1187)at org.testng.TestNG.runSuitesLocally(TestNG.java:1116)at org.testng.TestNG.runSuites(TestNG.java:1028)at org.testng.TestNG.run(TestNG.java:996)at org.testng.remote.AbstractRemoteTestNG.run(AbstractRemoteTestNG.java:114)at org.testng.remote.RemoteTestNG.initAndRun(RemoteTestNG.java:251)at org.testng.remote.RemoteTestNG.main(RemoteTestNG.java:77)]]>
            </full-stacktrace>
          </exception> <!-- java.lang.AssertionError -->
          <reporter-output>
          </reporter-output>
        </test-method> <!-- searchResultsLinksCheck -->
        <test-method status="PASS" signature="teardown()[pri:0, instance:demo.test.SearchResultsTests@289d1c02]" name="teardown" is-config="true" duration-ms="989" started-at="2018-01-19T16:39:47Z" finished-at="2018-01-19T16:39:48Z">
          <reporter-output>
            <line>
              <![CDATA[driver.quit...]]>
            </line>
          </reporter-output>
        </test-method> <!-- teardown -->
      </class> <!-- demo.test.SearchResultsTests -->
    </test> <!-- Default test -->
  </suite> <!-- Default suite -->
</testng-results>
